[ 2026-04-16 01:24:03,616 ] 1025 httpx - INFO - HTTP Request: GET https://dagshub.com/api/v1/user "HTTP/1.1 200 OK"
[ 2026-04-16 01:24:03,620 ] 107 dagshub - INFO - Accessing as harshshinde2696
[ 2026-04-16 01:24:04,693 ] 1025 httpx - INFO - HTTP Request: GET https://dagshub.com/api/v1/repos/harshshinde2696/network_security "HTTP/1.1 200 OK"
[ 2026-04-16 01:24:05,654 ] 1025 httpx - INFO - HTTP Request: GET https://dagshub.com/api/v1/user "HTTP/1.1 200 OK"
[ 2026-04-16 01:24:05,656 ] 107 dagshub - INFO - Initialized MLflow to track repo "harshshinde2696/network_security"
[ 2026-04-16 01:24:05,656 ] 107 dagshub - INFO - Repository harshshinde2696/network_security initialized!
[ 2026-04-16 01:25:21,051 ] 42 root - INFO - Start data Ingestion
[ 2026-04-16 01:25:31,497 ] 65 root - INFO - Performed train test split on the dataframe
[ 2026-04-16 01:25:31,497 ] 67 root - INFO - Exited split_data_as_train_test method of Data_Ingestion class
[ 2026-04-16 01:25:31,497 ] 75 root - INFO - Exporting train and test file path.
[ 2026-04-16 01:25:31,536 ] 84 root - INFO - Exported train and test file path.
[ 2026-04-16 01:25:31,536 ] 45 root - INFO - Data Ingestion completed and artifact: DataIngestionArtifact(trained_file_path='Artifacts\\04_16_2026_01_23_59\\data_ingestion\\ingested\\train.csv', test_file_path='Artifacts\\04_16_2026_01_23_59\\data_ingestion\\ingested\\test.csv')
[ 2026-04-16 01:25:31,542 ] 55 root - INFO - Initiate the data Validation
[ 2026-04-16 01:25:31,598 ] 32 root - INFO - Required number of columns:2
[ 2026-04-16 01:25:31,598 ] 33 root - INFO - Data frame has columns:31
[ 2026-04-16 01:25:31,598 ] 32 root - INFO - Required number of columns:2
[ 2026-04-16 01:25:31,598 ] 33 root - INFO - Data frame has columns:31
[ 2026-04-16 01:25:31,718 ] 63 root - INFO - Entered initiate_data_transformation method of DataTransformation class
[ 2026-04-16 01:25:31,718 ] 65 root - INFO - Starting data transformation
[ 2026-04-16 01:25:31,736 ] 48 root - INFO - Entered get_data_trnasformer_object method of Trnasformation class
[ 2026-04-16 01:25:31,736 ] 53 root - INFO - Initialise KNNImputer with {'missing_values': nan, 'n_neighbors': 3, 'weights': 'uniform'}
[ 2026-04-16 01:25:31,746 ] 46 root - INFO - Entered the save_object method of MainUtils class
[ 2026-04-16 01:25:31,748 ] 50 root - INFO - Exited the save_object method of MainUtils class
[ 2026-04-16 01:25:31,748 ] 46 root - INFO - Entered the save_object method of MainUtils class
[ 2026-04-16 01:25:31,750 ] 50 root - INFO - Exited the save_object method of MainUtils class
[ 2026-04-16 01:28:27,597 ] 46 root - INFO - Entered the save_object method of MainUtils class
[ 2026-04-16 01:28:27,597 ] 50 root - INFO - Exited the save_object method of MainUtils class
[ 2026-04-16 01:28:27,597 ] 46 root - INFO - Entered the save_object method of MainUtils class
[ 2026-04-16 01:28:27,640 ] 50 root - INFO - Exited the save_object method of MainUtils class
[ 2026-04-16 01:28:27,640 ] 139 root - INFO - Model trainer artifact: ModelTrainerArtifact(trained_model_file_path='Artifacts\\04_16_2026_01_23_59\\model_trainer\\trained_model\\model.pkl', train_metric_artifact=ClassificationMetricArtifact(f1_score=0.9910786699107867, precision_score=0.9876742776318448, recall_score=0.9945066124109868), test_metric_artifact=ClassificationMetricArtifact(f1_score=0.9788760462335592, precision_score=0.9692186266771902, recall_score=0.9887278582930756))
