[ 2026-04-16 16:38:27,938 ] 1025 httpx - INFO - HTTP Request: GET https://dagshub.com/api/v1/user "HTTP/1.1 200 OK"
[ 2026-04-16 16:38:27,946 ] 107 dagshub - INFO - Accessing as harshshinde2696
[ 2026-04-16 16:38:29,034 ] 1025 httpx - INFO - HTTP Request: GET https://dagshub.com/api/v1/repos/harshshinde2696/network_security "HTTP/1.1 200 OK"
[ 2026-04-16 16:38:30,148 ] 1025 httpx - INFO - HTTP Request: GET https://dagshub.com/api/v1/user "HTTP/1.1 200 OK"
[ 2026-04-16 16:38:30,156 ] 107 dagshub - INFO - Initialized MLflow to track repo "harshshinde2696/network_security"
[ 2026-04-16 16:38:30,156 ] 107 dagshub - INFO - Repository harshshinde2696/network_security initialized!
[ 2026-04-16 16:39:50,831 ] 43 root - INFO - Start data Ingestion
[ 2026-04-16 16:40:02,681 ] 65 root - INFO - Performed train test split on the dataframe
[ 2026-04-16 16:40:02,681 ] 67 root - INFO - Exited split_data_as_train_test method of Data_Ingestion class
[ 2026-04-16 16:40:02,681 ] 75 root - INFO - Exporting train and test file path.
[ 2026-04-16 16:40:02,761 ] 84 root - INFO - Exported train and test file path.
[ 2026-04-16 16:40:02,761 ] 46 root - INFO - Data Ingestion completed and artifact: DataIngestionArtifact(trained_file_path='Artifacts\\04_16_2026_16_38_15\\data_ingestion\\ingested\\train.csv', test_file_path='Artifacts\\04_16_2026_16_38_15\\data_ingestion\\ingested\\test.csv')
[ 2026-04-16 16:40:02,777 ] 56 root - INFO - Initiate the data Validation
[ 2026-04-16 16:40:02,856 ] 32 root - INFO - Required number of columns:2
[ 2026-04-16 16:40:02,856 ] 33 root - INFO - Data frame has columns:31
[ 2026-04-16 16:40:02,856 ] 32 root - INFO - Required number of columns:2
[ 2026-04-16 16:40:02,856 ] 33 root - INFO - Data frame has columns:31
[ 2026-04-16 16:40:03,028 ] 63 root - INFO - Entered initiate_data_transformation method of DataTransformation class
[ 2026-04-16 16:40:03,028 ] 65 root - INFO - Starting data transformation
[ 2026-04-16 16:40:03,045 ] 48 root - INFO - Entered get_data_trnasformer_object method of Trnasformation class
[ 2026-04-16 16:40:03,045 ] 53 root - INFO - Initialise KNNImputer with {'missing_values': nan, 'n_neighbors': 3, 'weights': 'uniform'}
[ 2026-04-16 16:40:03,060 ] 46 root - INFO - Entered the save_object method of MainUtils class
[ 2026-04-16 16:40:03,063 ] 50 root - INFO - Exited the save_object method of MainUtils class
[ 2026-04-16 16:40:03,063 ] 46 root - INFO - Entered the save_object method of MainUtils class
[ 2026-04-16 16:40:03,066 ] 50 root - INFO - Exited the save_object method of MainUtils class
[ 2026-04-16 16:50:55,134 ] 46 root - INFO - Entered the save_object method of MainUtils class
[ 2026-04-16 16:50:55,140 ] 50 root - INFO - Exited the save_object method of MainUtils class
[ 2026-04-16 16:50:55,140 ] 46 root - INFO - Entered the save_object method of MainUtils class
[ 2026-04-16 16:50:55,243 ] 50 root - INFO - Exited the save_object method of MainUtils class
[ 2026-04-16 16:50:55,246 ] 139 root - INFO - Model trainer artifact: ModelTrainerArtifact(trained_model_file_path='Artifacts\\04_16_2026_16_38_15\\model_trainer\\trained_model\\model.pkl', train_metric_artifact=ClassificationMetricArtifact(f1_score=0.9904858299595142, precision_score=0.9886845827439887, recall_score=0.9922936524031637), test_metric_artifact=ClassificationMetricArtifact(f1_score=0.9797077922077922, precision_score=0.9749596122778675, recall_score=0.9845024469820555))
